This is pdfTeX, Version 3.14159265-2.6-1.40.20 (MiKTeX 2.9.7140 64-bit) (preloaded format=pdflatex 2019.9.6)  1 JAN 2020 23:41
entering extended mode
**./elsdoc.tex
(elsdoc.tex
LaTeX2e <2018-12-01>
("C:\Users\Matevz\AppData\Local\Programs\MiKTeX 2.9\tex/latex/base\article.cls"
Document Class: article 2018/09/03 v1.4i Standard LaTeX document class
("C:\Users\Matevz\AppData\Local\Programs\MiKTeX 2.9\tex/latex/base\size12.clo"
File: size12.clo 2018/09/03 v1.4i Standard LaTeX file (size option)
)
\c@part=\count80
\c@section=\count81
\c@subsection=\count82
\c@subsubsection=\count83
\c@paragraph=\count84
\c@subparagraph=\count85
\c@figure=\count86
\c@table=\count87
\abovecaptionskip=\skip41
\belowcaptionskip=\skip42
\bibindent=\dimen102
) (rvdtx.sty
\c@colorscheme=\count88

("C:\Users\Matevz\AppData\Local\Programs\MiKTeX 2.9\tex/latex/xcolor\xcolor.sty
"
Package: xcolor 2016/05/11 v2.12 LaTeX color extensions (UK)

("C:\Users\Matevz\AppData\Local\Programs\MiKTeX 2.9\tex/latex/graphics-cfg\colo
r.cfg"
File: color.cfg 2016/01/02 v1.6 sample color configuration
)
Package xcolor Info: Driver file: pdftex.def on input line 225.

("C:\Users\Matevz\AppData\Local\Programs\MiKTeX 2.9\tex/latex/graphics-def\pdft
ex.def"
File: pdftex.def 2018/01/08 v1.0l Graphics/color driver for pdftex
)
Package xcolor Info: Model `cmy' substituted by `cmy0' on input line 1348.
Package xcolor Info: Model `hsb' substituted by `rgb' on input line 1352.
Package xcolor Info: Model `RGB' extended on input line 1364.
Package xcolor Info: Model `HTML' substituted by `rgb' on input line 1366.
Package xcolor Info: Model `Hsb' substituted by `hsb' on input line 1367.
Package xcolor Info: Model `tHsb' substituted by `hsb' on input line 1368.
Package xcolor Info: Model `HSB' substituted by `hsb' on input line 1369.
Package xcolor Info: Model `Gray' substituted by `gray' on input line 1370.
Package xcolor Info: Model `wave' substituted by `hsb' on input line 1371.

("C:\Users\Matevz\AppData\Local\Programs\MiKTeX 2.9\tex/latex/graphics\dvipsnam
.def"
File: dvipsnam.def 2016/06/17 v3.0m Driver-dependent file (DPC,SPQR)
)
("C:\Users\Matevz\AppData\Local\Programs\MiKTeX 2.9\tex/latex/xcolor\svgnam.def
"
File: svgnam.def 2016/05/11 v2.12 Predefined colors according to SVG 1.1 (UK)
))
("C:\Users\Matevz\AppData\Local\Programs\MiKTeX 2.9\tex/latex/geometry\geometry
.sty"
Package: geometry 2018/04/16 v5.8 Page Geometry

("C:\Users\Matevz\AppData\Local\Programs\MiKTeX 2.9\tex/latex/graphics\keyval.s
ty"
Package: keyval 2014/10/28 v1.15 key=value parser (DPC)
\KV@toks@=\toks14
)
("C:\Users\Matevz\AppData\Local\Programs\MiKTeX 2.9\tex/generic/oberdiek\ifpdf.
sty"
Package: ifpdf 2018/09/07 v3.3 Provides the ifpdf switch
)
("C:\Users\Matevz\AppData\Local\Programs\MiKTeX 2.9\tex/generic/oberdiek\ifvtex
.sty"
Package: ifvtex 2016/05/16 v1.6 Detect VTeX and its facilities (HO)
Package ifvtex Info: VTeX not detected.
)
("C:\Users\Matevz\AppData\Local\Programs\MiKTeX 2.9\tex/generic/ifxetex\ifxetex
.sty"
Package: ifxetex 2010/09/12 v0.6 Provides ifxetex conditional
)
\Gm@cnth=\count89
\Gm@cntv=\count90
\c@Gm@tempcnt=\count91
\Gm@bindingoffset=\dimen103
\Gm@wd@mp=\dimen104
\Gm@odd@mp=\dimen105
\Gm@even@mp=\dimen106
\Gm@layoutwidth=\dimen107
\Gm@layoutheight=\dimen108
\Gm@layouthoffset=\dimen109
\Gm@layoutvoffset=\dimen110
\Gm@dimlist=\toks15

("C:\Users\Matevz\AppData\Local\Programs\MiKTeX 2.9\tex/latex/geometry\geometry
.cfg"))
LaTeX Info: Redefining \LaTeX on input line 112.
 (pdfwidgets.sty
("C:\Users\Matevz\AppData\Local\Programs\MiKTeX 2.9\tex/latex/graphics\graphicx
.sty"
Package: graphicx 2017/06/01 v1.1a Enhanced LaTeX Graphics (DPC,SPQR)

("C:\Users\Matevz\AppData\Local\Programs\MiKTeX 2.9\tex/latex/graphics\graphics
.sty"
Package: graphics 2017/06/25 v1.2c Standard LaTeX Graphics (DPC,SPQR)

("C:\Users\Matevz\AppData\Local\Programs\MiKTeX 2.9\tex/latex/graphics\trig.sty
"
Package: trig 2016/01/03 v1.10 sin cos tan (DPC)
)
("C:\Users\Matevz\AppData\Local\Programs\MiKTeX 2.9\tex/latex/graphics-cfg\grap
hics.cfg"
File: graphics.cfg 2016/06/04 v1.11 sample graphics configuration
)
Package graphics Info: Driver file: pdftex.def on input line 99.
)
\Gin@req@height=\dimen111
\Gin@req@width=\dimen112
)
("C:\Users\Matevz\AppData\Local\Programs\MiKTeX 2.9\tex/latex/pgf/frontendlayer
\tikz.sty"
("C:\Users\Matevz\AppData\Local\Programs\MiKTeX 2.9\tex/latex/pgf/basiclayer\pg
f.sty"
("C:\Users\Matevz\AppData\Local\Programs\MiKTeX 2.9\tex/latex/pgf/utilities\pgf
rcs.sty"
("C:\Users\Matevz\AppData\Local\Programs\MiKTeX 2.9\tex/generic/pgf/utilities\p
gfutil-common.tex"
\pgfutil@everybye=\toks16
\pgfutil@tempdima=\dimen113
\pgfutil@tempdimb=\dimen114

("C:\Users\Matevz\AppData\Local\Programs\MiKTeX 2.9\tex/generic/pgf/utilities\p
gfutil-common-lists.tex"))
("C:\Users\Matevz\AppData\Local\Programs\MiKTeX 2.9\tex/generic/pgf/utilities\p
gfutil-latex.def"
\pgfutil@abb=\box27

("C:\Users\Matevz\AppData\Local\Programs\MiKTeX 2.9\tex/latex/ms\everyshi.sty"
Package: everyshi 2001/05/15 v3.00 EveryShipout Package (MS)
))
("C:\Users\Matevz\AppData\Local\Programs\MiKTeX 2.9\tex/generic/pgf/utilities\p
gfrcs.code.tex"
("C:\Users\Matevz\AppData\Local\Programs\MiKTeX 2.9\tex/generic/pgf\pgf.revisio
n.tex")
Package: pgfrcs 2019/08/03 v3.1.4b (3.1.4b)
))
Package: pgf 2019/08/03 v3.1.4b (3.1.4b)

("C:\Users\Matevz\AppData\Local\Programs\MiKTeX 2.9\tex/latex/pgf/basiclayer\pg
fcore.sty"
("C:\Users\Matevz\AppData\Local\Programs\MiKTeX 2.9\tex/latex/pgf/systemlayer\p
gfsys.sty"
("C:\Users\Matevz\AppData\Local\Programs\MiKTeX 2.9\tex/generic/pgf/systemlayer
\pgfsys.code.tex"
Package: pgfsys 2019/08/03 v3.1.4b (3.1.4b)

("C:\Users\Matevz\AppData\Local\Programs\MiKTeX 2.9\tex/generic/pgf/utilities\p
gfkeys.code.tex"
\pgfkeys@pathtoks=\toks17
\pgfkeys@temptoks=\toks18

("C:\Users\Matevz\AppData\Local\Programs\MiKTeX 2.9\tex/generic/pgf/utilities\p
gfkeysfiltered.code.tex"
\pgfkeys@tmptoks=\toks19
))
\pgf@x=\dimen115
\pgf@y=\dimen116
\pgf@xa=\dimen117
\pgf@ya=\dimen118
\pgf@xb=\dimen119
\pgf@yb=\dimen120
\pgf@xc=\dimen121
\pgf@yc=\dimen122
\pgf@xd=\dimen123
\pgf@yd=\dimen124
\w@pgf@writea=\write3
\r@pgf@reada=\read1
\c@pgf@counta=\count92
\c@pgf@countb=\count93
\c@pgf@countc=\count94
\c@pgf@countd=\count95
\t@pgf@toka=\toks20
\t@pgf@tokb=\toks21
\t@pgf@tokc=\toks22
\pgf@sys@id@count=\count96

("C:\Users\Matevz\AppData\Local\Programs\MiKTeX 2.9\tex/generic/pgf/systemlayer
\pgf.cfg"
File: pgf.cfg 2019/08/03 v3.1.4b (3.1.4b)
)
Driver file for pgf: pgfsys-pdftex.def

("C:\Users\Matevz\AppData\Local\Programs\MiKTeX 2.9\tex/generic/pgf/systemlayer
\pgfsys-pdftex.def"
File: pgfsys-pdftex.def 2019/08/03 v3.1.4b (3.1.4b)

("C:\Users\Matevz\AppData\Local\Programs\MiKTeX 2.9\tex/generic/pgf/systemlayer
\pgfsys-common-pdf.def"
File: pgfsys-common-pdf.def 2019/08/03 v3.1.4b (3.1.4b)
)))
("C:\Users\Matevz\AppData\Local\Programs\MiKTeX 2.9\tex/generic/pgf/systemlayer
\pgfsyssoftpath.code.tex"
File: pgfsyssoftpath.code.tex 2019/08/03 v3.1.4b (3.1.4b)
\pgfsyssoftpath@smallbuffer@items=\count97
\pgfsyssoftpath@bigbuffer@items=\count98
)
("C:\Users\Matevz\AppData\Local\Programs\MiKTeX 2.9\tex/generic/pgf/systemlayer
\pgfsysprotocol.code.tex"
File: pgfsysprotocol.code.tex 2019/08/03 v3.1.4b (3.1.4b)
))
("C:\Users\Matevz\AppData\Local\Programs\MiKTeX 2.9\tex/generic/pgf/basiclayer\
pgfcore.code.tex"
Package: pgfcore 2019/08/03 v3.1.4b (3.1.4b)

("C:\Users\Matevz\AppData\Local\Programs\MiKTeX 2.9\tex/generic/pgf/math\pgfmat
h.code.tex"
("C:\Users\Matevz\AppData\Local\Programs\MiKTeX 2.9\tex/generic/pgf/math\pgfmat
hcalc.code.tex"
("C:\Users\Matevz\AppData\Local\Programs\MiKTeX 2.9\tex/generic/pgf/math\pgfmat
hutil.code.tex")
("C:\Users\Matevz\AppData\Local\Programs\MiKTeX 2.9\tex/generic/pgf/math\pgfmat
hparser.code.tex"
\pgfmath@dimen=\dimen125
\pgfmath@count=\count99
\pgfmath@box=\box28
\pgfmath@toks=\toks23
\pgfmath@stack@operand=\toks24
\pgfmath@stack@operation=\toks25
)
("C:\Users\Matevz\AppData\Local\Programs\MiKTeX 2.9\tex/generic/pgf/math\pgfmat
hfunctions.code.tex"
("C:\Users\Matevz\AppData\Local\Programs\MiKTeX 2.9\tex/generic/pgf/math\pgfmat
hfunctions.basic.code.tex")
("C:\Users\Matevz\AppData\Local\Programs\MiKTeX 2.9\tex/generic/pgf/math\pgfmat
hfunctions.trigonometric.code.tex")
("C:\Users\Matevz\AppData\Local\Programs\MiKTeX 2.9\tex/generic/pgf/math\pgfmat
hfunctions.random.code.tex")
("C:\Users\Matevz\AppData\Local\Programs\MiKTeX 2.9\tex/generic/pgf/math\pgfmat
hfunctions.comparison.code.tex")
("C:\Users\Matevz\AppData\Local\Programs\MiKTeX 2.9\tex/generic/pgf/math\pgfmat
hfunctions.base.code.tex")
("C:\Users\Matevz\AppData\Local\Programs\MiKTeX 2.9\tex/generic/pgf/math\pgfmat
hfunctions.round.code.tex")
("C:\Users\Matevz\AppData\Local\Programs\MiKTeX 2.9\tex/generic/pgf/math\pgfmat
hfunctions.misc.code.tex")
("C:\Users\Matevz\AppData\Local\Programs\MiKTeX 2.9\tex/generic/pgf/math\pgfmat
hfunctions.integerarithmetics.code.tex")))
("C:\Users\Matevz\AppData\Local\Programs\MiKTeX 2.9\tex/generic/pgf/math\pgfmat
hfloat.code.tex"
\c@pgfmathroundto@lastzeros=\count100
))
("C:\Users\Matevz\AppData\Local\Programs\MiKTeX 2.9\tex/generic/pgf/math\pgfint
.code.tex")
("C:\Users\Matevz\AppData\Local\Programs\MiKTeX 2.9\tex/generic/pgf/basiclayer\
pgfcorepoints.code.tex"
File: pgfcorepoints.code.tex 2019/08/03 v3.1.4b (3.1.4b)
\pgf@picminx=\dimen126
\pgf@picmaxx=\dimen127
\pgf@picminy=\dimen128
\pgf@picmaxy=\dimen129
\pgf@pathminx=\dimen130
\pgf@pathmaxx=\dimen131
\pgf@pathminy=\dimen132
\pgf@pathmaxy=\dimen133
\pgf@xx=\dimen134
\pgf@xy=\dimen135
\pgf@yx=\dimen136
\pgf@yy=\dimen137
\pgf@zx=\dimen138
\pgf@zy=\dimen139
)
("C:\Users\Matevz\AppData\Local\Programs\MiKTeX 2.9\tex/generic/pgf/basiclayer\
pgfcorepathconstruct.code.tex"
File: pgfcorepathconstruct.code.tex 2019/08/03 v3.1.4b (3.1.4b)
\pgf@path@lastx=\dimen140
\pgf@path@lasty=\dimen141
)
("C:\Users\Matevz\AppData\Local\Programs\MiKTeX 2.9\tex/generic/pgf/basiclayer\
pgfcorepathusage.code.tex"
File: pgfcorepathusage.code.tex 2019/08/03 v3.1.4b (3.1.4b)
\pgf@shorten@end@additional=\dimen142
\pgf@shorten@start@additional=\dimen143
)
("C:\Users\Matevz\AppData\Local\Programs\MiKTeX 2.9\tex/generic/pgf/basiclayer\
pgfcorescopes.code.tex"
File: pgfcorescopes.code.tex 2019/08/03 v3.1.4b (3.1.4b)
\pgfpic=\box29
\pgf@hbox=\box30
\pgf@layerbox@main=\box31
\pgf@picture@serial@count=\count101
)
("C:\Users\Matevz\AppData\Local\Programs\MiKTeX 2.9\tex/generic/pgf/basiclayer\
pgfcoregraphicstate.code.tex"
File: pgfcoregraphicstate.code.tex 2019/08/03 v3.1.4b (3.1.4b)
\pgflinewidth=\dimen144
)
("C:\Users\Matevz\AppData\Local\Programs\MiKTeX 2.9\tex/generic/pgf/basiclayer\
pgfcoretransformations.code.tex"
File: pgfcoretransformations.code.tex 2019/08/03 v3.1.4b (3.1.4b)
\pgf@pt@x=\dimen145
\pgf@pt@y=\dimen146
\pgf@pt@temp=\dimen147
)
("C:\Users\Matevz\AppData\Local\Programs\MiKTeX 2.9\tex/generic/pgf/basiclayer\
pgfcorequick.code.tex"
File: pgfcorequick.code.tex 2019/08/03 v3.1.4b (3.1.4b)
)
("C:\Users\Matevz\AppData\Local\Programs\MiKTeX 2.9\tex/generic/pgf/basiclayer\
pgfcoreobjects.code.tex"
File: pgfcoreobjects.code.tex 2019/08/03 v3.1.4b (3.1.4b)
)
("C:\Users\Matevz\AppData\Local\Programs\MiKTeX 2.9\tex/generic/pgf/basiclayer\
pgfcorepathprocessing.code.tex"
File: pgfcorepathprocessing.code.tex 2019/08/03 v3.1.4b (3.1.4b)
)
("C:\Users\Matevz\AppData\Local\Programs\MiKTeX 2.9\tex/generic/pgf/basiclayer\
pgfcorearrows.code.tex"
File: pgfcorearrows.code.tex 2019/08/03 v3.1.4b (3.1.4b)
\pgfarrowsep=\dimen148
)
("C:\Users\Matevz\AppData\Local\Programs\MiKTeX 2.9\tex/generic/pgf/basiclayer\
pgfcoreshade.code.tex"
File: pgfcoreshade.code.tex 2019/08/03 v3.1.4b (3.1.4b)
\pgf@max=\dimen149
\pgf@sys@shading@range@num=\count102
\pgf@shadingcount=\count103
)
("C:\Users\Matevz\AppData\Local\Programs\MiKTeX 2.9\tex/generic/pgf/basiclayer\
pgfcoreimage.code.tex"
File: pgfcoreimage.code.tex 2019/08/03 v3.1.4b (3.1.4b)

("C:\Users\Matevz\AppData\Local\Programs\MiKTeX 2.9\tex/generic/pgf/basiclayer\
pgfcoreexternal.code.tex"
File: pgfcoreexternal.code.tex 2019/08/03 v3.1.4b (3.1.4b)
\pgfexternal@startupbox=\box32
))
("C:\Users\Matevz\AppData\Local\Programs\MiKTeX 2.9\tex/generic/pgf/basiclayer\
pgfcorelayers.code.tex"
File: pgfcorelayers.code.tex 2019/08/03 v3.1.4b (3.1.4b)
)
("C:\Users\Matevz\AppData\Local\Programs\MiKTeX 2.9\tex/generic/pgf/basiclayer\
pgfcoretransparency.code.tex"
File: pgfcoretransparency.code.tex 2019/08/03 v3.1.4b (3.1.4b)
)
("C:\Users\Matevz\AppData\Local\Programs\MiKTeX 2.9\tex/generic/pgf/basiclayer\
pgfcorepatterns.code.tex"
File: pgfcorepatterns.code.tex 2019/08/03 v3.1.4b (3.1.4b)
)
("C:\Users\Matevz\AppData\Local\Programs\MiKTeX 2.9\tex/generic/pgf/basiclayer\
pgfcorerdf.code.tex"
File: pgfcorerdf.code.tex 2019/08/03 v3.1.4b (3.1.4b)
)))
("C:\Users\Matevz\AppData\Local\Programs\MiKTeX 2.9\tex/generic/pgf/modules\pgf
moduleshapes.code.tex"
File: pgfmoduleshapes.code.tex 2019/08/03 v3.1.4b (3.1.4b)
\pgfnodeparttextbox=\box33
)
("C:\Users\Matevz\AppData\Local\Programs\MiKTeX 2.9\tex/generic/pgf/modules\pgf
moduleplot.code.tex"
File: pgfmoduleplot.code.tex 2019/08/03 v3.1.4b (3.1.4b)
)
("C:\Users\Matevz\AppData\Local\Programs\MiKTeX 2.9\tex/latex/pgf/compatibility
\pgfcomp-version-0-65.sty"
Package: pgfcomp-version-0-65 2019/08/03 v3.1.4b (3.1.4b)
\pgf@nodesepstart=\dimen150
\pgf@nodesepend=\dimen151
)
("C:\Users\Matevz\AppData\Local\Programs\MiKTeX 2.9\tex/latex/pgf/compatibility
\pgfcomp-version-1-18.sty"
Package: pgfcomp-version-1-18 2019/08/03 v3.1.4b (3.1.4b)
))
("C:\Users\Matevz\AppData\Local\Programs\MiKTeX 2.9\tex/latex/pgf/utilities\pgf
for.sty"
("C:\Users\Matevz\AppData\Local\Programs\MiKTeX 2.9\tex/latex/pgf/utilities\pgf
keys.sty"
("C:\Users\Matevz\AppData\Local\Programs\MiKTeX 2.9\tex/generic/pgf/utilities\p
gfkeys.code.tex"))
("C:\Users\Matevz\AppData\Local\Programs\MiKTeX 2.9\tex/latex/pgf/math\pgfmath.
sty"
("C:\Users\Matevz\AppData\Local\Programs\MiKTeX 2.9\tex/generic/pgf/math\pgfmat
h.code.tex"))
("C:\Users\Matevz\AppData\Local\Programs\MiKTeX 2.9\tex/generic/pgf/utilities\p
gffor.code.tex"
Package: pgffor 2019/08/03 v3.1.4b (3.1.4b)

("C:\Users\Matevz\AppData\Local\Programs\MiKTeX 2.9\tex/generic/pgf/math\pgfmat
h.code.tex")
\pgffor@iter=\dimen152
\pgffor@skip=\dimen153
\pgffor@stack=\toks26
\pgffor@toks=\toks27
))
("C:\Users\Matevz\AppData\Local\Programs\MiKTeX 2.9\tex/generic/pgf/frontendlay
er/tikz\tikz.code.tex"
Package: tikz 2019/08/03 v3.1.4b (3.1.4b)

("C:\Users\Matevz\AppData\Local\Programs\MiKTeX 2.9\tex/generic/pgf/libraries\p
gflibraryplothandlers.code.tex"
File: pgflibraryplothandlers.code.tex 2019/08/03 v3.1.4b (3.1.4b)
\pgf@plot@mark@count=\count104
\pgfplotmarksize=\dimen154
)
\tikz@lastx=\dimen155
\tikz@lasty=\dimen156
\tikz@lastxsaved=\dimen157
\tikz@lastysaved=\dimen158
\tikz@lastmovetox=\dimen159
\tikz@lastmovetoy=\dimen160
\tikzleveldistance=\dimen161
\tikzsiblingdistance=\dimen162
\tikz@figbox=\box34
\tikz@figbox@bg=\box35
\tikz@tempbox=\box36
\tikz@tempbox@bg=\box37
\tikztreelevel=\count105
\tikznumberofchildren=\count106
\tikznumberofcurrentchild=\count107
\tikz@fig@count=\count108

("C:\Users\Matevz\AppData\Local\Programs\MiKTeX 2.9\tex/generic/pgf/modules\pgf
modulematrix.code.tex"
File: pgfmodulematrix.code.tex 2019/08/03 v3.1.4b (3.1.4b)
\pgfmatrixcurrentrow=\count109
\pgfmatrixcurrentcolumn=\count110
\pgf@matrix@numberofcolumns=\count111
)
\tikz@expandcount=\count112

("C:\Users\Matevz\AppData\Local\Programs\MiKTeX 2.9\tex/generic/pgf/frontendlay
er/tikz/libraries\tikzlibrarytopaths.code.tex"
File: tikzlibrarytopaths.code.tex 2019/08/03 v3.1.4b (3.1.4b)
)))
("C:\Users\Matevz\AppData\Local\Programs\MiKTeX 2.9\tex/generic/pgf/frontendlay
er/tikz/libraries\tikzlibrarybackgrounds.code.tex"
File: tikzlibrarybackgrounds.code.tex 2019/08/03 v3.1.4b (3.1.4b)
\pgf@layerbox@background=\box38
\pgf@layerboxsaved@background=\box39
)
\lmrgn=\dimen163
\c@clip=\count113
\mywidth=\dimen164
\Linewidth=\dimen165
\Sep=\dimen166
\npskip=\dimen167

("C:\Users\Matevz\AppData\Local\Programs\MiKTeX 2.9\tex/latex/moreverb\moreverb
.sty"
Package: moreverb 2008/06/03 v2.3a `more' verbatim facilities

("C:\Users\Matevz\AppData\Local\Programs\MiKTeX 2.9\tex/latex/tools\verbatim.st
y"
Package: verbatim 2014/10/28 v1.5q LaTeX2e package for verbatim enhancements
\every@verbatim=\toks28
\verbatim@line=\toks29
\verbatim@in@stream=\read2
)
\tab@position=\count114
\tab@size=\count115
\listing@line=\count116
))
("C:\Users\Matevz\AppData\Local\Programs\MiKTeX 2.9\tex/latex/comment\comment.s
ty"
\CommentStream=\write4
 Excluding comment 'comment')
("C:\Users\Matevz\AppData\Local\Programs\MiKTeX 2.9\tex/latex/tools\xspace.sty"
Package: xspace 2014/10/28 v1.13 Space after command names (DPC,MH)
)
\OHeight=\dimen168

("C:\Users\Matevz\AppData\Local\Programs\MiKTeX 2.9\tex/latex/base\shortvrb.sty
"
Package: shortvrb 2018/09/25 v2.1i Standard LaTeX documentation package (FMi)
)
Package shortvrb Info: Made | a short reference for \verb on input line 213.

("C:\Users\Matevz\AppData\Local\Programs\MiKTeX 2.9\tex/latex/amsfonts\amsfonts
.sty"
Package: amsfonts 2013/01/14 v3.01 Basic AMSFonts support
\@emptytoks=\toks30
\symAMSa=\mathgroup4
\symAMSb=\mathgroup5
LaTeX Font Info:    Overwriting math alphabet `\mathfrak' in version `bold'
(Font)                  U/euf/m/n --> U/euf/b/n on input line 106.
)
("C:\Users\Matevz\AppData\Local\Programs\MiKTeX 2.9\tex/latex/amsfonts\amssymb.
sty"
Package: amssymb 2013/01/14 v3.01 AMS font symbols
)
("C:\Users\Matevz\AppData\Local\Programs\MiKTeX 2.9\tex/latex/pxfonts\pxfonts.s
ty"
Package: pxfonts 2008/01/22 v1.1.1
LaTeX Font Info:    Redeclaring symbol font `operators' on input line 21.
LaTeX Font Info:    Overwriting symbol font `operators' in version `normal'
(Font)                  OT1/cmr/m/n --> OT1/pxr/m/n on input line 21.
LaTeX Font Info:    Overwriting symbol font `operators' in version `bold'
(Font)                  OT1/cmr/bx/n --> OT1/pxr/m/n on input line 21.
LaTeX Font Info:    Overwriting symbol font `operators' in version `bold'
(Font)                  OT1/pxr/m/n --> OT1/pxr/bx/n on input line 22.
\symitalic=\mathgroup6
LaTeX Font Info:    Overwriting symbol font `italic' in version `bold'
(Font)                  OT1/pxr/m/it --> OT1/pxr/bx/it on input line 26.
LaTeX Font Info:    Redeclaring math alphabet \mathbf on input line 29.
LaTeX Font Info:    Overwriting math alphabet `\mathbf' in version `normal'
(Font)                  OT1/cmr/bx/n --> OT1/pxr/bx/n on input line 29.
LaTeX Font Info:    Overwriting math alphabet `\mathbf' in version `bold'
(Font)                  OT1/cmr/bx/n --> OT1/pxr/bx/n on input line 29.
LaTeX Font Info:    Redeclaring math alphabet \mathit on input line 30.
LaTeX Font Info:    Overwriting math alphabet `\mathit' in version `normal'
(Font)                  OT1/cmr/m/it --> OT1/pxr/m/it on input line 30.
LaTeX Font Info:    Overwriting math alphabet `\mathit' in version `bold'
(Font)                  OT1/cmr/bx/it --> OT1/pxr/m/it on input line 30.
LaTeX Font Info:    Overwriting math alphabet `\mathit' in version `bold'
(Font)                  OT1/pxr/m/it --> OT1/pxr/bx/it on input line 31.
LaTeX Font Info:    Redeclaring math alphabet \mathsf on input line 40.
LaTeX Font Info:    Overwriting math alphabet `\mathsf' in version `normal'
(Font)                  OT1/cmss/m/n --> OT1/pxss/m/n on input line 40.
LaTeX Font Info:    Overwriting math alphabet `\mathsf' in version `bold'
(Font)                  OT1/cmss/bx/n --> OT1/pxss/m/n on input line 40.
LaTeX Font Info:    Overwriting math alphabet `\mathsf' in version `bold'
(Font)                  OT1/pxss/m/n --> OT1/pxss/b/n on input line 41.
LaTeX Font Info:    Redeclaring math alphabet \mathtt on input line 50.
LaTeX Font Info:    Overwriting math alphabet `\mathtt' in version `normal'
(Font)                  OT1/cmtt/m/n --> OT1/pxtt/m/n on input line 50.
LaTeX Font Info:    Overwriting math alphabet `\mathtt' in version `bold'
(Font)                  OT1/cmtt/m/n --> OT1/pxtt/m/n on input line 50.
LaTeX Font Info:    Overwriting math alphabet `\mathtt' in version `bold'
(Font)                  OT1/pxtt/m/n --> OT1/pxtt/b/n on input line 51.
LaTeX Font Info:    Redeclaring symbol font `letters' on input line 58.
LaTeX Font Info:    Overwriting symbol font `letters' in version `normal'
(Font)                  OML/cmm/m/it --> OML/pxmi/m/it on input line 58.
LaTeX Font Info:    Overwriting symbol font `letters' in version `bold'
(Font)                  OML/cmm/b/it --> OML/pxmi/m/it on input line 58.
LaTeX Font Info:    Overwriting symbol font `letters' in version `bold'
(Font)                  OML/pxmi/m/it --> OML/pxmi/bx/it on input line 59.
\symlettersA=\mathgroup7
LaTeX Font Info:    Overwriting symbol font `lettersA' in version `bold'
(Font)                  U/pxmia/m/it --> U/pxmia/bx/it on input line 67.
LaTeX Font Info:    Redeclaring math alphabet \mathfrak on input line 70.
LaTeX Font Info:    Redeclaring symbol font `symbols' on input line 77.
LaTeX Font Info:    Overwriting symbol font `symbols' in version `normal'
(Font)                  OMS/cmsy/m/n --> OMS/pxsy/m/n on input line 77.
LaTeX Font Info:    Overwriting symbol font `symbols' in version `bold'
(Font)                  OMS/cmsy/b/n --> OMS/pxsy/m/n on input line 77.
LaTeX Font Info:    Overwriting symbol font `symbols' in version `bold'
(Font)                  OMS/pxsy/m/n --> OMS/pxsy/bx/n on input line 78.
LaTeX Font Info:    Redeclaring symbol font `AMSa' on input line 93.
LaTeX Font Info:    Overwriting symbol font `AMSa' in version `normal'
(Font)                  U/msa/m/n --> U/pxsya/m/n on input line 93.
LaTeX Font Info:    Overwriting symbol font `AMSa' in version `bold'
(Font)                  U/msa/m/n --> U/pxsya/m/n on input line 93.
LaTeX Font Info:    Overwriting symbol font `AMSa' in version `bold'
(Font)                  U/pxsya/m/n --> U/pxsya/bx/n on input line 94.
LaTeX Font Info:    Redeclaring symbol font `AMSb' on input line 102.
LaTeX Font Info:    Overwriting symbol font `AMSb' in version `normal'
(Font)                  U/msb/m/n --> U/pxsyb/m/n on input line 102.
LaTeX Font Info:    Overwriting symbol font `AMSb' in version `bold'
(Font)                  U/msb/m/n --> U/pxsyb/m/n on input line 102.
LaTeX Font Info:    Overwriting symbol font `AMSb' in version `bold'
(Font)                  U/pxsyb/m/n --> U/pxsyb/bx/n on input line 103.
\symsymbolsC=\mathgroup8
LaTeX Font Info:    Overwriting symbol font `symbolsC' in version `bold'
(Font)                  U/pxsyc/m/n --> U/pxsyc/bx/n on input line 113.
LaTeX Font Info:    Redeclaring symbol font `largesymbols' on input line 120.
LaTeX Font Info:    Overwriting symbol font `largesymbols' in version `normal'
(Font)                  OMX/cmex/m/n --> OMX/pxex/m/n on input line 120.
LaTeX Font Info:    Overwriting symbol font `largesymbols' in version `bold'
(Font)                  OMX/cmex/m/n --> OMX/pxex/m/n on input line 120.
LaTeX Font Info:    Overwriting symbol font `largesymbols' in version `bold'
(Font)                  OMX/pxex/m/n --> OMX/pxex/bx/n on input line 121.
\symlargesymbolsA=\mathgroup9
LaTeX Font Info:    Overwriting symbol font `largesymbolsA' in version `bold'
(Font)                  U/pxexa/m/n --> U/pxexa/bx/n on input line 129.
LaTeX Info: Redefining \not on input line 997.
)
("C:\Users\Matevz\AppData\Local\Programs\MiKTeX 2.9\tex/latex/colortbl\colortbl
.sty"
Package: colortbl 2018/12/12 v1.0d Color table columns (DPC)

("C:\Users\Matevz\AppData\Local\Programs\MiKTeX 2.9\tex/latex/tools\array.sty"
Package: array 2018/12/30 v2.4k Tabular extension package (FMi)
\col@sep=\dimen169
\ar@mcellbox=\box40
\extrarowheight=\dimen170
\NC@list=\toks31
\extratabsurround=\skip43
\backup@length=\skip44
\ar@cellbox=\box41
)
\everycr=\toks32
\minrowclearance=\skip45
)
("C:\Users\Matevz\AppData\Local\Programs\MiKTeX 2.9\tex/latex/hyperref\hyperref
.sty"
Package: hyperref 2019/06/12 v6.88h Hypertext links for LaTeX

("C:\Users\Matevz\AppData\Local\Programs\MiKTeX 2.9\tex/generic/oberdiek\hobsub
-hyperref.sty"
Package: hobsub-hyperref 2016/05/16 v1.14 Bundle oberdiek, subset hyperref (HO)


("C:\Users\Matevz\AppData\Local\Programs\MiKTeX 2.9\tex/generic/oberdiek\hobsub
-generic.sty"
Package: hobsub-generic 2016/05/16 v1.14 Bundle oberdiek, subset generic (HO)
Package: hobsub 2016/05/16 v1.14 Construct package bundles (HO)
Package: infwarerr 2016/05/16 v1.4 Providing info/warning/error messages (HO)
Package: ltxcmds 2016/05/16 v1.23 LaTeX kernel commands for general use (HO)
Package: ifluatex 2016/05/16 v1.4 Provides the ifluatex switch (HO)
Package ifluatex Info: LuaTeX not detected.
Package hobsub Info: Skipping package `ifvtex' (already loaded).
Package: intcalc 2016/05/16 v1.2 Expandable calculations with integers (HO)
Package hobsub Info: Skipping package `ifpdf' (already loaded).
Package: etexcmds 2016/05/16 v1.6 Avoid name clashes with e-TeX commands (HO)
Package: kvsetkeys 2016/05/16 v1.17 Key value parser (HO)
Package: kvdefinekeys 2016/05/16 v1.4 Define keys (HO)
Package: pdftexcmds 2019/07/25 v0.30 Utility functions of pdfTeX for LuaTeX (HO
)
Package pdftexcmds Info: LuaTeX not detected.
Package pdftexcmds Info: \pdf@primitive is available.
Package pdftexcmds Info: \pdf@ifprimitive is available.
Package pdftexcmds Info: \pdfdraftmode found.
Package: pdfescape 2016/05/16 v1.14 Implements pdfTeX's escape features (HO)
Package: bigintcalc 2016/05/16 v1.4 Expandable calculations on big integers (HO
)
Package: bitset 2016/05/16 v1.2 Handle bit-vector datatype (HO)
Package: uniquecounter 2016/05/16 v1.3 Provide unlimited unique counter (HO)
)
Package hobsub Info: Skipping package `hobsub' (already loaded).
Package: letltxmacro 2016/05/16 v1.5 Let assignment for LaTeX macros (HO)
Package: hopatch 2016/05/16 v1.3 Wrapper for package hooks (HO)
Package: xcolor-patch 2016/05/16 xcolor patch
Package: atveryend 2016/05/16 v1.9 Hooks at the very end of document (HO)
Package atveryend Info: \enddocument detected (standard20110627).
Package: atbegshi 2016/06/09 v1.18 At begin shipout hook (HO)
Package: refcount 2016/05/16 v3.5 Data extraction from label references (HO)
Package: hycolor 2016/05/16 v1.8 Color options for hyperref/bookmark (HO)
)
("C:\Users\Matevz\AppData\Local\Programs\MiKTeX 2.9\tex/latex/oberdiek\auxhook.
sty"
Package: auxhook 2016/05/16 v1.4 Hooks for auxiliary files (HO)
)
("C:\Users\Matevz\AppData\Local\Programs\MiKTeX 2.9\tex/latex/oberdiek\kvoption
s.sty"
Package: kvoptions 2016/05/16 v3.12 Key value format for package options (HO)
)
\@linkdim=\dimen171
\Hy@linkcounter=\count117
\Hy@pagecounter=\count118

("C:\Users\Matevz\AppData\Local\Programs\MiKTeX 2.9\tex/latex/hyperref\pd1enc.d
ef"
File: pd1enc.def 2019/06/12 v6.88h Hyperref: PDFDocEncoding definition (HO)
Now handling font encoding PD1 ...
... no UTF-8 mapping file for font encoding PD1
)
\Hy@SavedSpaceFactor=\count119

("C:\Users\Matevz\AppData\Local\Programs\MiKTeX 2.9\tex/latex/00miktex\hyperref
.cfg"
File: hyperref.cfg 2002/06/06 v1.2 hyperref configuration of TeXLive
)
Package hyperref Info: Option `colorlinks' set `true' on input line 4424.
Package hyperref Info: Hyper figures OFF on input line 4550.
Package hyperref Info: Link nesting OFF on input line 4555.
Package hyperref Info: Hyper index ON on input line 4558.
Package hyperref Info: Plain pages OFF on input line 4565.
Package hyperref Info: Backreferencing OFF on input line 4570.
Package hyperref Info: Implicit mode ON; LaTeX internals redefined.
Package hyperref Info: Bookmarks ON on input line 4803.
\c@Hy@tempcnt=\count120
 ("C:\Users\Matevz\AppData\Local\Programs\MiKTeX 2.9\tex/latex/url\url.sty"
\Urlmuskip=\muskip10
Package: url 2013/09/16  ver 3.4  Verb mode for urls, etc.
)
LaTeX Info: Redefining \url on input line 5156.
\XeTeXLinkMargin=\dimen172
\Fld@menulength=\count121
\Field@Width=\dimen173
\Fld@charsize=\dimen174
Package hyperref Info: Hyper figures OFF on input line 6411.
Package hyperref Info: Link nesting OFF on input line 6416.
Package hyperref Info: Hyper index ON on input line 6419.
Package hyperref Info: backreferencing OFF on input line 6426.
Package hyperref Info: Link coloring ON on input line 6429.
Package hyperref Info: Link coloring with OCG OFF on input line 6436.
Package hyperref Info: PDF/A mode OFF on input line 6441.
LaTeX Info: Redefining \ref on input line 6481.
LaTeX Info: Redefining \pageref on input line 6485.
\Hy@abspage=\count122
\c@Item=\count123
\c@Hfootnote=\count124
)
Package hyperref Info: Driver: hpdftex.

("C:\Users\Matevz\AppData\Local\Programs\MiKTeX 2.9\tex/latex/hyperref\hpdftex.
def"
File: hpdftex.def 2019/06/12 v6.88h Hyperref driver for pdfTeX
\Fld@listcount=\count125
\c@bookmark@seq@number=\count126

("C:\Users\Matevz\AppData\Local\Programs\MiKTeX 2.9\tex/latex/oberdiek\rerunfil
echeck.sty"
Package: rerunfilecheck 2016/05/16 v1.8 Rerun checks for auxiliary files (HO)
Package uniquecounter Info: New unique counter `rerunfilecheck' on input line 2
82.
)
\Hy@SectionHShift=\skip46
)
\c@dtx=\count127
\topbox=\box42

("C:\Users\Matevz\AppData\Local\Programs\MiKTeX 2.9\tex/latex/tools\multicol.st
y"
Package: multicol 2018/12/27 v1.8v multicolumn formatting (FMi)
\c@tracingmulticols=\count128
\mult@box=\box43
\multicol@leftmargin=\dimen175
\c@unbalance=\count129
\c@collectmore=\count130
\doublecol@number=\count131
\multicoltolerance=\count132
\multicolpretolerance=\count133
\full@width=\dimen176
\page@free=\dimen177
\premulticols=\dimen178
\postmulticols=\dimen179
\multicolsep=\skip47
\multicolbaselineskip=\skip48
\partial@page=\box44
\last@line=\box45
\maxbalancingoverflow=\dimen180
\mult@rightbox=\box46
\mult@grightbox=\box47
\mult@gfirstbox=\box48
\mult@firstbox=\box49
\@tempa=\box50
\@tempa=\box51
\@tempa=\box52
\@tempa=\box53
\@tempa=\box54
\@tempa=\box55
\@tempa=\box56
\@tempa=\box57
\@tempa=\box58
\@tempa=\box59
\@tempa=\box60
\@tempa=\box61
\@tempa=\box62
\@tempa=\box63
\@tempa=\box64
\@tempa=\box65
\@tempa=\box66
\c@columnbadness=\count134
\c@finalcolumnbadness=\count135
\last@try=\dimen181
\multicolovershoot=\dimen182
\multicolundershoot=\dimen183
\mult@nat@firstbox=\box67
\colbreak@box=\box68
\mc@col@check@num=\count136
)
\IndexMin=\dimen184
\c@IndexColumns=\count137
)
("C:\Users\Matevz\AppData\Local\Programs\MiKTeX 2.9\tex/latex/tools\enumerate.s
ty"
Package: enumerate 2015/07/23 v3.00 enumerate extensions (DPC)
\@enLab=\toks33
)
LaTeX Info: Redefining \LaTeX on input line 44.
 (elsdoc.aux)
\openout1 = `elsdoc.aux'.

LaTeX Font Info:    Checking defaults for OML/pxmi/m/it on input line 60.
LaTeX Font Info:    Try loading font information for OML+pxmi on input line 60.


("C:\Users\Matevz\AppData\Local\Programs\MiKTeX 2.9\tex/latex/pxfonts\omlpxmi.f
d"
File: omlpxmi.fd 2000/12/14 v1.0
)
LaTeX Font Info:    ... okay on input line 60.
LaTeX Font Info:    Checking defaults for T1/cmr/m/n on input line 60.
LaTeX Font Info:    ... okay on input line 60.
LaTeX Font Info:    Checking defaults for OT1/cmr/m/n on input line 60.
LaTeX Font Info:    ... okay on input line 60.
LaTeX Font Info:    Checking defaults for OMS/pxsy/m/n on input line 60.
LaTeX Font Info:    Try loading font information for OMS+pxsy on input line 60.


("C:\Users\Matevz\AppData\Local\Programs\MiKTeX 2.9\tex/latex/pxfonts\omspxsy.f
d"
File: omspxsy.fd 2000/12/14 v1.0
)
LaTeX Font Info:    ... okay on input line 60.
LaTeX Font Info:    Checking defaults for OMX/pxex/m/n on input line 60.
LaTeX Font Info:    Try loading font information for OMX+pxex on input line 60.


("C:\Users\Matevz\AppData\Local\Programs\MiKTeX 2.9\tex/latex/pxfonts\omxpxex.f
d"
File: omxpxex.fd 2000/12/14 v1.0
)
LaTeX Font Info:    ... okay on input line 60.
LaTeX Font Info:    Checking defaults for U/pxexa/m/n on input line 60.
LaTeX Font Info:    Try loading font information for U+pxexa on input line 60.

("C:\Users\Matevz\AppData\Local\Programs\MiKTeX 2.9\tex/latex/pxfonts\upxexa.fd
"
File: upxexa.fd 2000/12/14 v1.0
)
LaTeX Font Info:    ... okay on input line 60.
LaTeX Font Info:    Checking defaults for PD1/pdf/m/n on input line 60.
LaTeX Font Info:    ... okay on input line 60.
LaTeX Font Info:    Try loading font information for OT1+pxr on input line 60.

("C:\Users\Matevz\AppData\Local\Programs\MiKTeX 2.9\tex/latex/pxfonts\ot1pxr.fd
"
File: ot1pxr.fd 2000/12/14 v1.0
)
("C:\Users\Matevz\AppData\Local\Programs\MiKTeX 2.9\tex/context/base/mkii\supp-
pdf.mkii"
[Loading MPS to PDF converter (version 2006.09.02).]
\scratchcounter=\count138
\scratchdimen=\dimen185
\scratchbox=\box69
\nofMPsegments=\count139
\nofMParguments=\count140
\everyMPshowfont=\toks34
\MPscratchCnt=\count141
\MPscratchDim=\dimen186
\MPnumerator=\count142
\makeMPintoPDFobject=\count143
\everyMPtoPDFconversion=\toks35
)
("C:\Users\Matevz\AppData\Local\Programs\MiKTeX 2.9\tex/latex/oberdiek\epstopdf
-base.sty"
Package: epstopdf-base 2016/05/15 v2.6 Base part for package epstopdf

("C:\Users\Matevz\AppData\Local\Programs\MiKTeX 2.9\tex/latex/oberdiek\grfext.s
ty"
Package: grfext 2016/05/16 v1.2 Manage graphics extensions (HO)
)
Package epstopdf-base Info: Redefining graphics rule for `.eps' on input line 4
38.
Package grfext Info: Graphics extension search list:
(grfext)             [.pdf,.png,.jpg,.mps,.jpeg,.jbig2,.jb2,.PDF,.PNG,.JPG,.JPE
G,.JBIG2,.JB2,.eps]
(grfext)             \AppendGraphicsExtensions on input line 456.
)
*geometry* driver: auto-detecting
*geometry* detected driver: pdftex
*geometry* verbose mode - [ preamble ] result:
* driver: pdftex
* paper: a4paper
* layout: <same size as paper>
* layoutoffset:(h,v)=(0.0pt,0.0pt)
* modes: 
* h-part:(L,W,R)=(144.54pt, 380.69789pt, 72.26999pt)
* v-part:(T,H,B)=(144.54pt, 628.23686pt, 72.26999pt)
* \paperwidth=597.50787pt
* \paperheight=845.04684pt
* \textwidth=380.69789pt
* \textheight=628.23686pt
* \oddsidemargin=72.27pt
* \evensidemargin=72.27pt
* \topmargin=35.27pt
* \headheight=12.0pt
* \headsep=48.0pt
* \topskip=12.0pt
* \footskip=30.0pt
* \marginparwidth=35.0pt
* \marginparsep=10.0pt
* \columnsep=10.0pt
* \skip\footins=10.8pt plus 4.0pt minus 2.0pt
* \hoffset=0.0pt
* \voffset=0.0pt
* \mag=1000
* \@twocolumnfalse
* \@twosidefalse
* \@mparswitchfalse
* \@reversemarginfalse
* (1in=72.27pt=25.4mm, 1cm=28.453pt)

ABD: EveryShipout initializing macros
\AtBeginShipoutBox=\box70
Package hyperref Info: Link coloring ON on input line 60.

("C:\Users\Matevz\AppData\Local\Programs\MiKTeX 2.9\tex/latex/hyperref\nameref.
sty"
Package: nameref 2016/05/21 v2.44 Cross-referencing by name of section

("C:\Users\Matevz\AppData\Local\Programs\MiKTeX 2.9\tex/generic/oberdiek\gettit
lestring.sty"
Package: gettitlestring 2016/05/16 v1.5 Cleanup title references (HO)
)
\c@section@level=\count144
)
LaTeX Info: Redefining \ref on input line 60.
LaTeX Info: Redefining \pageref on input line 60.
LaTeX Info: Redefining \nameref on input line 60.
 (elsdoc.out) (elsdoc.out)
\@outlinefile=\write5
\openout5 = `elsdoc.out'.

LaTeX Font Info:    Try loading font information for OT1+pxss on input line 76.


("C:\Users\Matevz\AppData\Local\Programs\MiKTeX 2.9\tex/latex/pxfonts\ot1pxss.f
d"
File: ot1pxss.fd 2000/12/14 v1.0
)
LaTeX Font Info:    Try loading font information for U+pxsya on input line 76.

("C:\Users\Matevz\AppData\Local\Programs\MiKTeX 2.9\tex/latex/pxfonts\upxsya.fd
"
File: upxsya.fd 2000/12/14 v1.0
)
LaTeX Font Info:    Try loading font information for U+pxsyb on input line 76.

("C:\Users\Matevz\AppData\Local\Programs\MiKTeX 2.9\tex/latex/pxfonts\upxsyb.fd
"
File: utxsyb.fd 2000/12/14 v1.0
)
LaTeX Font Info:    Try loading font information for U+pxmia on input line 76.

("C:\Users\Matevz\AppData\Local\Programs\MiKTeX 2.9\tex/latex/pxfonts\upxmia.fd
"
File: upxmia.fd 2000/12/14 v1.0
)
LaTeX Font Info:    Try loading font information for U+pxsyc on input line 76.

("C:\Users\Matevz\AppData\Local\Programs\MiKTeX 2.9\tex/latex/pxfonts\upxsyc.fd
"
File: upxsyc.fd 2000/12/14 v1.0
)
Underfull \hbox (badness 10000) in paragraph at lines 76--76

 []


Overfull \hbox (6.79999pt too wide) in paragraph at lines 76--76
[][][][] 
 []


LaTeX Warning: The counter will not be printed.
             The label is: \textbullet  on input line 117.

LaTeX Font Info:    Try loading font information for OMS+pxr on input line 117.

("C:\Users\Matevz\AppData\Local\Programs\MiKTeX 2.9\tex/latex/pxfonts\omspxr.fd
"
File: omspxr.fd 2000/12/14 v1.0
)
LaTeX Font Info:    Font shape `OMS/pxr/m/n' in size <12> not available
(Font)              Font shape `OMS/pxsy/m/n' tried instead on input line 117.
LaTeX Font Info:    Try loading font information for OMS+pxss on input line 131
.
LaTeX Font Info:    No file OMSpxss.fd. on input line 131.


LaTeX Font Warning: Font shape `OMS/pxss/m/n' undefined
(Font)              using `OMS/pxsy/m/n' instead on input line 131.

[1{C:/Users/Matevz/AppData/Local/MiKTeX/2.9/pdftex/config/pdftex.map}

]
\verbatim@out=\write6
\openout6 = `tmp.tex'.

File: tmp.tex  (verbatim)
Missing character: There is no ; in font nullfont!
 [2]
\openout6 = `tmp.tex'.

File: tmp.tex  (verbatim)
Missing character: There is no ; in font nullfont!

Overfull \hbox (24.1416pt too wide) in paragraph at lines 225--228
[]\OT1/pxr/m/n/12 To move ti-tle and au-thor/affiliation block to flush-left. [
][]\OT1/cmtt/m/n/12 centertitle[]
 []

[3]
\openout6 = `tmp.tex'.

File: tmp.tex  (verbatim)
Missing character: There is no ; in font nullfont!
\openout6 = `tmp.tex'.

File: tmp.tex  (verbatim)
Missing character: There is no ; in font nullfont!
\openout6 = `tmp.tex'.

File: tmp.tex  (verbatim)
Missing character: There is no ; in font nullfont!
<1psingleauthorgroup.pdf, id=106, page=1, 597.50829pt x 845.0471pt>
File: 1psingleauthorgroup.pdf Graphic file (type pdf)
<use 1psingleauthorgroup.pdf, page 1>
Package pdftex.def Info: 1psingleauthorgroup.pdf , page1 used on input line 306
.
(pdftex.def)             Requested size: 390.0pt x 106.77815pt.
Missing character: There is no ; in font nullfont!

Overfull \hbox (10.7021pt too wide) in paragraph at lines 306--308
[]
 []

[4]
<1pseperateaug.pdf, id=118, page=1, 597.50829pt x 845.0471pt>
File: 1pseperateaug.pdf Graphic file (type pdf)
<use 1pseperateaug.pdf, page 1>
Package pdftex.def Info: 1pseperateaug.pdf , page1 used on input line 311.
(pdftex.def)             Requested size: 390.0pt x 115.27625pt.
Missing character: There is no ; in font nullfont!

Overfull \hbox (10.7021pt too wide) in paragraph at lines 311--313
[]
 []

\openout6 = `tmp.tex'.

File: tmp.tex  (verbatim)
Missing character: There is no ; in font nullfont!
[5 <./1psingleauthorgroup.pdf> <./1pseperateaug.pdf>]
\openout6 = `tmp.tex'.

File: tmp.tex  (verbatim)
Missing character: There is no ; in font nullfont!
\openout6 = `tmp.tex'.

File: tmp.tex  (verbatim)

Overfull \hbox (7.4332pt too wide) in paragraph at lines 376--376
[]  \OT1/cmtt/m/n/12 footnote is not yet sufficiently long enough to make two l
ines[] 
 []

Missing character: There is no ; in font nullfont!
File: 1pseperateaug.pdf Graphic file (type pdf)
<use 1pseperateaug.pdf, page 1>
Package pdftex.def Info: 1pseperateaug.pdf , page1 used on input line 382.
(pdftex.def)             Requested size: 390.0pt x 163.16423pt.
Missing character: There is no ; in font nullfont!

Overfull \hbox (10.7021pt too wide) in paragraph at lines 382--385
[]
 []

[6]
<elstest-1pdoubleblind.pdf, id=195, page=1, 614.295pt x 794.97pt>
File: elstest-1pdoubleblind.pdf Graphic file (type pdf)
<use elstest-1pdoubleblind.pdf, page 1>
Package pdftex.def Info: elstest-1pdoubleblind.pdf , page1 used on input line 3
90.
(pdftex.def)             Requested size: 390.0pt x 113.79808pt.
Missing character: There is no ; in font nullfont!

Overfull \hbox (10.7021pt too wide) in paragraph at lines 390--392
[]
 []

\openout6 = `tmp.tex'.

File: tmp.tex  (verbatim)
Missing character: There is no ; in font nullfont!
\openout6 = `tmp.tex'.

File: tmp.tex  (verbatim)
Missing character: There is no ; in font nullfont!
\openout6 = `tmp.tex'.

File: tmp.tex  (verbatim)
Missing character: There is no ; in font nullfont!
[7 <./elstest-1pdoubleblind.pdf>]
\openout6 = `tmp.tex'.

File: tmp.tex  (verbatim)
Missing character: There is no ; in font nullfont!
\openout6 = `tmp.tex'.

File: tmp.tex  (verbatim)
Missing character: There is no ; in font nullfont!
 [8]
<jfigs.pdf, id=264, page=2, 456.79156pt x 122.94331pt>
File: jfigs.pdf Graphic file (type pdf)
<use jfigs.pdf, page 2>
Package pdftex.def Info: jfigs.pdf , page2 used on input line 499.
(pdftex.def)             Requested size: 390.0pt x 102.67828pt.
Missing character: There is no ; in font nullfont!

Overfull \hbox (10.7021pt too wide) in paragraph at lines 499--501
[]
 []

<jfigs.pdf, id=266, page=1, 456.79156pt x 108.84564pt>
File: jfigs.pdf Graphic file (type pdf)
<use jfigs.pdf, page 1>
Package pdftex.def Info: jfigs.pdf , page1 used on input line 511.
(pdftex.def)             Requested size: 390.0pt x 89.73564pt.
Missing character: There is no ; in font nullfont!

Overfull \hbox (10.7021pt too wide) in paragraph at lines 511--513
[]
 []

<jfigs.pdf, id=268, page=3, 456.79156pt x 65.23773pt>
File: jfigs.pdf Graphic file (type pdf)
<use jfigs.pdf, page 3>
Package pdftex.def Info: jfigs.pdf , page3 used on input line 520.
(pdftex.def)             Requested size: 390.0pt x 55.22192pt.
Missing character: There is no ; in font nullfont!

Overfull \hbox (10.7021pt too wide) in paragraph at lines 520--522
[]
 []

\openout6 = `tmp.tex'.

File: tmp.tex  (verbatim)
Missing character: There is no ; in font nullfont!
[9 <./jfigs.pdf> <./jfigs.pdf> <./jfigs.pdf>]
<jfigs.pdf, id=324, page=4, 456.79156pt x 162.03738pt>
File: jfigs.pdf Graphic file (type pdf)
<use jfigs.pdf, page 4>
Package pdftex.def Info: jfigs.pdf , page4 used on input line 547.
(pdftex.def)             Requested size: 390.0pt x 158.76305pt.
Missing character: There is no ; in font nullfont!

Overfull \hbox (10.7021pt too wide) in paragraph at lines 547--549
[]
 []

\openout6 = `tmp.tex'.

File: tmp.tex  (verbatim)
Missing character: There is no ; in font nullfont!
<jfigs.pdf, id=326, page=5, 314.52705pt x 83.43372pt>
File: jfigs.pdf Graphic file (type pdf)
<use jfigs.pdf, page 5>
Package pdftex.def Info: jfigs.pdf , page5 used on input line 563.
(pdftex.def)             Requested size: 390.0pt x 102.50385pt.
Missing character: There is no ; in font nullfont!

Overfull \hbox (10.7021pt too wide) in paragraph at lines 563--565
[]
 []

[10 <./jfigs.pdf> <./jfigs.pdf>]
<1psingleauthorgroup.pdf, id=350, page=4, 597.50829pt x 845.0471pt>
File: 1psingleauthorgroup.pdf Graphic file (type pdf)
<use 1psingleauthorgroup.pdf, page 4>
Package pdftex.def Info: 1psingleauthorgroup.pdf , page4 used on input line 628
.
(pdftex.def)             Requested size: 378.0pt x 191.39804pt.
Missing character: There is no ; in font nullfont!

Overfull \hbox (10.7021pt too wide) in paragraph at lines 628--630
[]
 []

[11]
<elstest-3pd.pdf, id=360, page=3, 597.50829pt x 845.0471pt>
File: elstest-3pd.pdf Graphic file (type pdf)
<use elstest-3pd.pdf, page 3>
Package pdftex.def Info: elstest-3pd.pdf , page3 used on input line 639.
(pdftex.def)             Requested size: 378.0pt x 171.02652pt.
Missing character: There is no ; in font nullfont!

Overfull \hbox (10.7021pt too wide) in paragraph at lines 639--642
[]
 []

[12 <./1psingleauthorgroup.pdf> <./elstest-3pd.pdf>]

LaTeX Warning: The counter will not be printed.
             The label is: \textbullet  on input line 674.

[13]
\openout6 = `tmp.tex'.

File: tmp.tex  (verbatim)
Missing character: There is no ; in font nullfont!
LaTeX Font Info:    Font shape `OT1/cmtt/bx/n' in size <12> not available
(Font)              Font shape `OT1/cmtt/m/n' tried instead on input line 741.
 [14]
<elstest-1p.pdf, id=451, page=1, 597.50829pt x 845.0471pt>
File: elstest-1p.pdf Graphic file (type pdf)
<use elstest-1p.pdf, page 1>
Package pdftex.def Info: elstest-1p.pdf , page1 used on input line 786.
(pdftex.def)             Requested size: 378.0pt x 535.93988pt.
Missing character: There is no ; in font nullfont!

Overfull \hbox (10.7021pt too wide) in paragraph at lines 786--788
[]
 []

[15pdfTeX warning (ext4): destination with the same identifier (name{bsc}) has 
been already used, duplicate ignored

\@EveryShipout@Output ...@Org@Shipout \box \@cclv 
                                                  
l.788 
      ]
<elstest-5p.pdf, id=462, page=1, 597.50829pt x 845.0471pt>
File: elstest-5p.pdf Graphic file (type pdf)
<use elstest-5p.pdf, page 1>
Package pdftex.def Info: elstest-5p.pdf , page1 used on input line 791.
(pdftex.def)             Requested size: 378.0pt x 492.46036pt.
Missing character: There is no ; in font nullfont!

Overfull \hbox (10.7021pt too wide) in paragraph at lines 791--793
[]
 []

[16 <./elstest-1p.pdf>] [17 <./elstest-5p.pdf>]
Package atveryend Info: Empty hook `BeforeClearDocument' on input line 794.
Package atveryend Info: Empty hook `AfterLastShipout' on input line 794.
 (elsdoc.aux)
Package atveryend Info: Executing hook `AtVeryEndDocument' on input line 794.
Package atveryend Info: Executing hook `AtEndAfterFileList' on input line 794.
Package rerunfilecheck Info: File `elsdoc.out' has not changed.
(rerunfilecheck)             Checksum: DDFE40A866E884B3C77221DED9EEABDE;656.


LaTeX Font Warning: Some font shapes were not available, defaults substituted.

Package atveryend Info: Empty hook `AtVeryVeryEnd' on input line 794.
 ) 
Here is how much of TeX's memory you used:
 17611 strings out of 492895
 334279 string characters out of 3123269
 409552 words of memory out of 3000000
 21105 multiletter control sequences out of 15000+200000
 38416 words of font info for 106 fonts, out of 3000000 for 9000
 1141 hyphenation exceptions out of 8191
 69i,18n,67p,441b,822s stack positions out of 5000i,500n,10000p,200000b,50000s
{C:/Users/Matevz/AppData/Local/Programs/MiKTeX 2.9/fonts/enc/dvips/base/8r.en
c}<C:/Users/Matevz/AppData/Local/Programs/MiKTeX 2.9/fonts/type1/public/amsfont
s/cm/cmbx10.pfb><C:/Users/Matevz/AppData/Local/Programs/MiKTeX 2.9/fonts/type1/
public/amsfonts/cm/cmmi10.pfb><C:/Users/Matevz/AppData/Local/Programs/MiKTeX 2.
9/fonts/type1/public/amsfonts/cm/cmmi12.pfb><C:/Users/Matevz/AppData/Local/Prog
rams/MiKTeX 2.9/fonts/type1/public/amsfonts/cm/cmmi7.pfb><C:/Users/Matevz/AppDa
ta/Local/Programs/MiKTeX 2.9/fonts/type1/public/amsfonts/cm/cmr10.pfb><C:/Users
/Matevz/AppData/Local/Programs/MiKTeX 2.9/fonts/type1/public/amsfonts/cm/cmr12.
pfb><C:/Users/Matevz/AppData/Local/Programs/MiKTeX 2.9/fonts/type1/public/amsfo
nts/cm/cmr6.pfb><C:/Users/Matevz/AppData/Local/Programs/MiKTeX 2.9/fonts/type1/
public/amsfonts/cm/cmr8.pfb><C:/Users/Matevz/AppData/Local/Programs/MiKTeX 2.9/
fonts/type1/public/amsfonts/cm/cmti10.pfb><C:/Users/Matevz/AppData/Local/Progra
ms/MiKTeX 2.9/fonts/type1/public/amsfonts/cm/cmti8.pfb><C:/Users/Matevz/AppData
/Local/Programs/MiKTeX 2.9/fonts/type1/public/amsfonts/cm/cmtt10.pfb><C:/Users/
Matevz/AppData/Local/Programs/MiKTeX 2.9/fonts/type1/public/amsfonts/cm/cmtt12.
pfb><C:/Users/Matevz/AppData/Local/Programs/MiKTeX 2.9/fonts/type1/public/amsfo
nts/cm/cmtt8.pfb><C:/Users/Matevz/AppData/Local/Programs/MiKTeX 2.9/fonts/type1
/public/pxfonts/pxex.pfb><C:/Users/Matevz/AppData/Local/Programs/MiKTeX 2.9/fon
ts/type1/public/pxfonts/pxsy.pfb><C:/Users/Matevz/AppData/Local/Programs/MiKTeX
 2.9/fonts/type1/public/pxfonts/pxsya.pfb><C:/Users/Matevz/AppData/Local/Progra
ms/MiKTeX 2.9/fonts/type1/public/pxfonts/pxsyb.pfb><C:/Users/Matevz/AppData/Loc
al/Programs/MiKTeX 2.9/fonts/type1/public/pxfonts/rpxb.pfb><C:/Users/Matevz/App
Data/Local/Programs/MiKTeX 2.9/fonts/type1/public/pxfonts/rpxmi.pfb><C:/Users/M
atevz/AppData/Local/Programs/MiKTeX 2.9/fonts/type1/public/pxfonts/rpxr.pfb><C:
/Users/Matevz/AppData/Local/Programs/MiKTeX 2.9/fonts/type1/public/pxfonts/rpxs
c.pfb><C:/Users/Matevz/AppData/Local/Programs/MiKTeX 2.9/fonts/type1/public/txf
onts/rtxi.pfb><C:/Users/Matevz/AppData/Local/Programs/MiKTeX 2.9/fonts/type1/pu
blic/txfonts/rtxmi.pfb><C:/Users/Matevz/AppData/Local/Programs/MiKTeX 2.9/fonts
/type1/public/txfonts/rtxr.pfb><C:/Users/Matevz/AppData/Local/Programs/MiKTeX 2
.9/fonts/type1/public/txfonts/txex.pfb><C:/Users/Matevz/AppData/Local/Programs/
MiKTeX 2.9/fonts/type1/public/txfonts/txsy.pfb><C:/Users/Matevz/AppData/Local/P
rograms/MiKTeX 2.9/fonts/type1/public/txfonts/txsyb.pfb><C:/Users/Matevz/AppDat
a/Local/Programs/MiKTeX 2.9/fonts/type1/urw/helvetic/uhvr8a.pfb><C:/Users/Matev
z/AppData/Local/Programs/MiKTeX 2.9/fonts/type1/urw/palatino/uplb8a.pfb><C:/Use
rs/Matevz/AppData/Local/Programs/MiKTeX 2.9/fonts/type1/urw/palatino/uplr8a.pfb
><C:/Users/Matevz/AppData/Local/Programs/MiKTeX 2.9/fonts/type1/urw/palatino/up
lri8a.pfb><C:/Users/Matevz/AppData/Local/Programs/MiKTeX 2.9/fonts/type1/urw/ti
mes/utmb8a.pfb><C:/Users/Matevz/AppData/Local/Programs/MiKTeX 2.9/fonts/type1/u
rw/times/utmr8a.pfb><C:/Users/Matevz/AppData/Local/Programs/MiKTeX 2.9/fonts/ty
pe1/urw/times/utmri8a.pfb>
Output written on elsdoc.pdf (17 pages, 539646 bytes).
PDF statistics:
 604 PDF objects out of 1000 (max. 8388607)
 64 named destinations out of 1000 (max. 500000)
 267 words of extra memory for PDF output out of 10000 (max. 10000000)

