\BOOKMARK [1][]{section.0}{\376\377\000P\000r\000o\000b\000l\000e\000m\000s}{}% 1
\BOOKMARK [1][]{section.1}{\376\377\000I\000n\000t\000r\000o\000d\000u\000c\000t\000i\000o\000n}{}% 2
\BOOKMARK [1][]{section.2}{\376\377\000E\000v\000a\000l\000u\000a\000t\000i\000o\000n\000\040\000o\000f\000\040\000P\000E\000T\000\040\000m\000o\000d\000e\000l\000s\000\050\000M\000a\000t\000e\000r\000i\000a\000l\000s\000\040\000a\000n\000d\000\040\000m\000e\000t\000h\000o\000s\000\051}{}% 3
\BOOKMARK [2][]{subsection.2.1}{\376\377\000P\000r\000e\000v\000i\000o\000u\000s\000\040\000r\000e\000s\000e\000a\000r\000c\000h}{section.2}% 4
\BOOKMARK [2][]{subsection.2.2}{\376\377\000U\000s\000e\000d\000\040\000P\000E\000T\000\040\000m\000o\000d\000e\000l\000s}{section.2}% 5
\BOOKMARK [1][]{section.3}{\376\377\000E\000v\000a\000l\000u\000a\000t\000i\000o\000n\000\040\000o\000f\000\040\000P\000E\000T\000\040\000m\000o\000d\000e\000l\000s\000\040\000w\000i\000t\000h\000\040\000o\000r\000i\000g\000i\000n\000a\000l\000\040\000c\000o\000n\000s\000t\000a\000n\000t\000\040\000v\000a\000l\000u\000e\000s}{}% 6
\BOOKMARK [1][]{section.4}{\376\377\000E\000v\000a\000l\000u\000a\000t\000i\000o\000n\000\040\000o\000f\000\040\000P\000E\000T\000\040\000m\000o\000d\000e\000l\000s\000\040\000w\000i\000t\000h\000\040\000c\000a\000l\000i\000b\000r\000a\000t\000e\000d\000\040\000c\000o\000n\000s\000t\000a\000n\000t\000\040\000v\000a\000l\000u\000e\000s}{}% 7
\BOOKMARK [1][]{section.5}{\376\377\000E\000v\000a\000l\000u\000a\000t\000i\000o\000n\000\040\000o\000f\000\040\000P\000E\000T\000\040\000m\000o\000d\000e\000l\000s\000\040\000w\000i\000t\000h\000\040\000o\000r\000i\000g\000i\000n\000a\000l\000\040\000c\000o\000n\000s\000t\000a\000n\000t\000\040\000v\000a\000l\000u\000e\000s\000/\000r\000e\000s\000u\000l\000t\000s}{}% 8
\BOOKMARK [1][]{section.6}{\376\377\000E\000v\000a\000l\000u\000a\000t\000i\000o\000n\000\040\000o\000f\000\040\000P\000E\000T\000\040\000m\000o\000d\000e\000l\000s\000\040\000w\000i\000t\000h\000\040\000c\000a\000l\000i\000b\000r\000a\000t\000e\000d\000\040\000c\000o\000n\000s\000t\000a\000n\000t\000\040\000v\000a\000l\000u\000e\000s\000/\000r\000e\000s\000u\000l\000t\000s}{}% 9
\BOOKMARK [2][]{subsubsection.6.0.1}{\376\377\000I\000n\000p\000u\000t\000s}{section.6}% 10
\BOOKMARK [2][]{subsection.6.1}{\376\377\000F\000i\000g\000u\000r\000e\000s\000,\000\040\000T\000a\000b\000l\000e\000s\000\040\000a\000n\000d\000\040\000S\000c\000h\000e\000m\000e\000s}{section.6}% 11
\BOOKMARK [2][]{subsection.6.2}{\376\377\000F\000o\000r\000m\000a\000t\000t\000i\000n\000g\000\040\000o\000f\000\040\000M\000a\000t\000h\000e\000m\000a\000t\000i\000c\000a\000l\000\040\000C\000o\000m\000p\000o\000n\000e\000n\000t\000s}{section.6}% 12
\BOOKMARK [1][]{section.7}{\376\377\000D\000i\000s\000c\000u\000s\000s\000i\000o\000n}{}% 13
\BOOKMARK [1][]{section.8}{\376\377\000M\000a\000t\000e\000r\000i\000a\000l\000s\000\040\000a\000n\000d\000\040\000M\000e\000t\000h\000o\000d\000s}{}% 14
\BOOKMARK [1][]{section.9}{\376\377\000C\000o\000n\000c\000l\000u\000s\000i\000o\000n\000s}{}% 15
\BOOKMARK [1][]{section.10}{\376\377\000P\000a\000t\000e\000n\000t\000s}{}% 16
\BOOKMARK [1][]{section.A.}{}{}% 17
\BOOKMARK [2][]{subsection.A.1}{}{section.A.}% 18
\BOOKMARK [1][]{section.B.}{}{}% 19
\BOOKMARK [1][]{section.B.}{\376\377\000R\000e\000f\000e\000r\000e\000n\000c\000e\000s}{}% 20
